<?xml version="1.0" encoding="UTF-8"?>
<!-- Generated by org.testng.reporters.JUnitReportReporter -->
<testsuite hostname="LTIN166072" failures="0" tests="2" name="com.amazon.testCases.verifyLoginComments" time="11.820" errors="0" timestamp="7 Apr 2021 19:18:42 GMT">
  <testcase classname="com.amazon.testCases.verifyLoginComments" name="verifyPublicLogin" time="9.539"/>
  <testcase classname="com.amazon.testCases.verifyLoginComments" name="verifyNavigation2Trackorder" time="2.281"/>
</testsuite> <!-- com.amazon.testCases.verifyLoginComments -->
